<?xml version="1.0" encoding="UTF-8"?>
<testng-results ignored="0" total="2" passed="2" failed="0" skipped="0">
  <reporter-output>
  </reporter-output>
  <suite started-at="2020-11-12T20:37:21 EST" name="Surefire suite" finished-at="2020-11-12T20:37:28 EST" duration-ms="6604">
    <groups>
    </groups>
    <test started-at="2020-11-12T20:37:21 EST" name="Surefire test" finished-at="2020-11-12T20:37:28 EST" duration-ms="6604">
      <class name="sw409.RestAssuredDEMO.RestDEMOTest">
        <test-method signature="testAddCustomer()[pri:0, instance:sw409.RestAssuredDEMO.RestDEMOTest@4ac3c60d]" started-at="2020-11-12T20:37:21 EST" name="testAddCustomer" finished-at="2020-11-12T20:37:26 EST" duration-ms="4550" status="PASS">
          <reporter-output>
          </reporter-output>
        </test-method> <!-- testAddCustomer -->
        <test-method signature="testGetUser()[pri:0, instance:sw409.RestAssuredDEMO.RestDEMOTest@4ac3c60d]" started-at="2020-11-12T20:37:26 EST" name="testGetUser" finished-at="2020-11-12T20:37:28 EST" duration-ms="1990" status="PASS">
          <reporter-output>
          </reporter-output>
        </test-method> <!-- testGetUser -->
      </class> <!-- sw409.RestAssuredDEMO.RestDEMOTest -->
    </test> <!-- Surefire test -->
  </suite> <!-- Surefire suite -->
</testng-results>
