<?xml version="1.0" encoding="UTF-8"?>
<!-- Generated by org.testng.reporters.JUnitXMLReporter -->
<testsuite ignored="0" hostname="Adrians-MacBook-Pro.local" failures="0" tests="5" name="Default test" time="4.715" errors="0" timestamp="2020-11-13T18:06:19 EST">
  <testcase classname="sw409.EmployeeTest.EmployeeTest" name="testAddCustomer" time="3.506"/>
  <testcase classname="sw409.EmployeeTest.EmployeeTest" name="testCreateEmployee" time="0.288"/>
  <testcase classname="sw409.EmployeeTest.EmployeeTest" name="testDeleteEmployee" time="0.508"/>
  <testcase classname="sw409.EmployeeTest.EmployeeTest" name="testGetAllEmployees" time="0.216"/>
  <testcase classname="sw409.EmployeeTest.EmployeeTest" name="testUpdateEmployee" time="0.139"/>
</testsuite> <!-- Default test -->
