<?xml version="1.0" encoding="UTF-8"?>
<testng-results ignored="0" total="5" passed="5" failed="0" skipped="0">
  <reporter-output>
  </reporter-output>
  <suite started-at="2020-11-13T18:06:14 EST" name="Default suite" finished-at="2020-11-13T18:06:19 EST" duration-ms="4715">
    <groups>
    </groups>
    <test started-at="2020-11-13T18:06:14 EST" name="Default test" finished-at="2020-11-13T18:06:19 EST" duration-ms="4715">
      <class name="sw409.EmployeeTest.EmployeeTest">
        <test-method signature="testAddCustomer()[pri:0, instance:sw409.EmployeeTest.EmployeeTest@6db9f5a4]" started-at="2020-11-13T18:06:14 EST" name="testAddCustomer" finished-at="2020-11-13T18:06:18 EST" duration-ms="3506" status="PASS">
          <reporter-output>
          </reporter-output>
        </test-method> <!-- testAddCustomer -->
        <test-method signature="testCreateEmployee()[pri:0, instance:sw409.EmployeeTest.EmployeeTest@6db9f5a4]" started-at="2020-11-13T18:06:18 EST" name="testCreateEmployee" finished-at="2020-11-13T18:06:18 EST" duration-ms="288" status="PASS">
          <reporter-output>
          </reporter-output>
        </test-method> <!-- testCreateEmployee -->
        <test-method signature="testDeleteEmployee()[pri:0, instance:sw409.EmployeeTest.EmployeeTest@6db9f5a4]" started-at="2020-11-13T18:06:18 EST" name="testDeleteEmployee" finished-at="2020-11-13T18:06:19 EST" duration-ms="508" status="PASS">
          <reporter-output>
          </reporter-output>
        </test-method> <!-- testDeleteEmployee -->
        <test-method signature="testGetAllEmployees()[pri:0, instance:sw409.EmployeeTest.EmployeeTest@6db9f5a4]" started-at="2020-11-13T18:06:19 EST" name="testGetAllEmployees" finished-at="2020-11-13T18:06:19 EST" duration-ms="216" status="PASS">
          <reporter-output>
          </reporter-output>
        </test-method> <!-- testGetAllEmployees -->
        <test-method signature="testUpdateEmployee()[pri:0, instance:sw409.EmployeeTest.EmployeeTest@6db9f5a4]" started-at="2020-11-13T18:06:19 EST" name="testUpdateEmployee" finished-at="2020-11-13T18:06:19 EST" duration-ms="139" status="PASS">
          <reporter-output>
          </reporter-output>
        </test-method> <!-- testUpdateEmployee -->
      </class> <!-- sw409.EmployeeTest.EmployeeTest -->
    </test> <!-- Default test -->
  </suite> <!-- Default suite -->
</testng-results>
