<?xml version="1.0" encoding="UTF-8"?>
<testsuite xmlns:xsi="http://www.w3.org/2001/XMLSchema-instance" xsi:noNamespaceSchemaLocation="https://maven.apache.org/surefire/maven-surefire-plugin/xsd/surefire-test-report.xsd" name="TestSuite" time="7.809" tests="3" errors="0" skipped="0" failures="0">
  <properties>
[...]
</properties>
  <testcase name="testAddCustomer" classname="sw409.RestAssuredDEMO.RestDEMOTest" time="4.549"/>
  <testcase name="testGetUser" classname="sw409.RestAssuredDEMO.RestDEMOTest" time="1.99"/>
  <testcase name="shouldAnswerWithTrue on shouldAnswerWithTrue(sw409.RestAssuredDEMO.AppTest)" classname="sw409.RestAssuredDEMO.AppTest" time="0.002"/>
</testsuite>